<?xml version="1.0" encoding="UTF-8"?>
<!-- Generated by org.testng.reporters.JUnitReportReporter -->
<testsuite skipped="0" hostname="DESKTOP-9M5M9JU" name="paymentpageprocedure.payoptionDebitcard" tests="5" failures="0" timestamp="21 Dec 2018 07:23:49 GMT" time="39.283" errors="0">
  <testcase name="formfilling" time="19.925" classname="paymentpageprocedure.payoptionDebitcard"/>
  <testcase name="paymentoptions" time="10.748" classname="paymentpageprocedure.payoptionDebitcard"/>
  <testcase name="debitcard" time="3.050" classname="paymentpageprocedure.payoptionDebitcard"/>
  <testcase name="paymentpagelogo" time="0.244" classname="paymentpageprocedure.payoptionDebitcard"/>
  <testcase name="paymentpageoptionlist" time="5.316" classname="paymentpageprocedure.payoptionDebitcard"/>
</testsuite> <!-- paymentpageprocedure.payoptionDebitcard -->
