<?xml version="1.0" encoding="UTF-8"?>
<!-- Generated by org.testng.reporters.JUnitReportReporter -->
<testsuite skipped="0" hostname="DESKTOP-9M5M9JU" name="paymentpageprocedure.objectpagemodule" tests="1" failures="0" timestamp="13 Dec 2018 04:48:25 GMT" time="1.162" errors="0">
  <testcase name="URL" time="1.162" classname="paymentpageprocedure.objectpagemodule"/>
</testsuite> <!-- paymentpageprocedure.objectpagemodule -->
