<?xml version="1.0" encoding="UTF-8"?>
<!-- Generated by org.testng.reporters.JUnitReportReporter -->
<testsuite skipped="0" hostname="DESKTOP-9M5M9JU" name="paymentpageprocedure.Paymentpageoptions" tests="3" failures="0" timestamp="03 Jan 2019 07:08:57 GMT" time="69.430" errors="0">
  <testcase name="formfilling" time="9.602" classname="paymentpageprocedure.Paymentpageoptions"/>
  <testcase name="paymentpagelogo" time="0.840" classname="paymentpageprocedure.Paymentpageoptions"/>
  <testcase name="paymentpageoptionlist" time="58.988" classname="paymentpageprocedure.Paymentpageoptions"/>
</testsuite> <!-- paymentpageprocedure.Paymentpageoptions -->
