<?xml version="1.0" encoding="UTF-8"?>
<!-- Generated by org.testng.reporters.JUnitReportReporter -->
<testsuite skipped="0" hostname="DESKTOP-9M5M9JU" name="paymentpageprocedure.init" tests="1" failures="0" timestamp="17 Dec 2018 06:43:26 GMT" time="0.673" errors="0">
  <testcase name="URL" time="0.673" classname="paymentpageprocedure.init"/>
</testsuite> <!-- paymentpageprocedure.init -->
